DETAILED COMPILATION ERROR LOG
Generated: 2026-02-16
Source: ant -f build/build.xml compile

==========================================
ERRORS BY FILE
==========================================

1. Authentication (JWT):
   /home/user/yawl/src/org/yawlfoundation/yawl/authentication/JwtManager.java
   - Line 3: error: package io.jsonwebtoken does not exist
   - Line 4: error: package io.jsonwebtoken.security does not exist
   - Line 114: error: cannot find symbol: class Claims

2. Elements (Timer):
   /home/user/yawl/src/org/yawlfoundation/yawl/elements/YTimerParameters.java
   - Line 31: error: package jakarta.xml.datatype does not exist
   - Line 49, 65, 92, 134, 138, 140: error: cannot find symbol: class XMLGregorianCalendar

3. Util (Hibernate):
   /home/user/yawl/src/org/yawlfoundation/yawl/util/HibernateEngine.java
   - Line 388: error: cannot find symbol: class XMLGregorianCalendar

4. Engine Time:
   /home/user/yawl/src/org/yawlfoundation/yawl/engine/time/YWorkItemTimer.java
   - Line 24: error: package jakarta.xml.datatype does not exist
   - Line 61: error: cannot find symbol: class XMLGregorianCalendar

   /home/user/yawl/src/org/yawlfoundation/yawl/engine/time/YTimer.java
   - Line 21: error: package jakarta.xml.datatype does not exist
   - Line 110: error: cannot find symbol: class XMLGregorianCalendar

5. Schema Handling:
   /home/user/yawl/src/org/yawlfoundation/yawl/schema/SchemaHandler.java
   - Line 26: error: package jakarta.xml.transform does not exist
   - Line 27: error: package jakarta.xml.transform.stream does not exist
   - Line 28: error: package jakarta.xml.validation does not exist
   - Line 29: error: package jakarta.xml.validation does not exist
   - Line 30: error: package jakarta.xml.validation does not exist
   - Lines 49, 52, 261: error: cannot find symbol: class SchemaFactory, ValidatorHandler, etc.

6. Digital Signature:
   /home/user/yawl/src/org/yawlfoundation/yawl/digitalSignature/DigitalSignature.java
   - Line 22: error: package org.bouncycastle.cms does not exist
   - Line 23: error: package org.bouncycastle.jce.provider does not exist
   - Line 34-40: error: package jakarta.xml.* does not exist (parsers, transform, etc.)
   - Line 351: error: cannot find symbol: class XMLSignatureFactory

7. Interface B (Client):
   /home/user/yawl/src/org/yawlfoundation/yawl/engine/interfce/interfaceB/InterfaceB_EnvironmentBasedClient.java
   - Line 30: error: package jakarta.xml.datatype does not exist
   - Lines 859, 882, 892: error: cannot find symbol: class XMLGregorianCalendar

8. Balancer Configuration:
   /home/user/yawl/src/org/yawlfoundation/yawl/balancer/config/Config.java
   - Line 21-23: error: package org.apache.commons.vfs2* does not exist
   - Lines 42, 309: error: cannot find symbol: class FileObject, StandardFileSystemManager

   /home/user/yawl/src/org/yawlfoundation/yawl/balancer/config/FileChangeListener.java
   - Line 21-22: error: package org.apache.commons.vfs2* does not exist
   - Lines 28, 31, 34, 37: error: cannot find symbol: class FileChangeEvent, FileListener

9. Engine Actuator (Spring Boot):
   /home/user/yawl/src/org/yawlfoundation/yawl/engine/actuator/YActuatorApplication.java
   - Line 23-24: error: package org.springframework.boot* does not exist

   /home/user/yawl/src/org/yawlfoundation/yawl/engine/actuator/metrics/YAgentPerformanceMetrics.java
   - Line 26: error: package jakarta.annotation does not exist
   - Line 44: error: cannot find symbol: class @Component
   - Line 49: error: cannot find symbol: class MeterRegistry

==========================================
CLASSPATH GAP ANALYSIS
==========================================

JAR files DEFINED in build.xml but NOT in cp.compile:
  - jjwt-api-0.12.5.jar
  - jjwt-impl-0.12.5.jar
  - jjwt-jackson-0.12.5.jar

JAR files NOT DEFINED in build.xml:
  - jakarta.xml.datatype package (not in lib)
  - jakarta.xml.parsers package (not in lib)
  - jakarta.xml.transform package (not in lib)
  - jakarta.xml.validation package (not in lib)
  - bcprov-jdk18on-1.77.jar (exists in lib but not defined)
  - bcmail-jdk18on-1.77.jar (exists in lib but not defined)
  - spring-boot-core (not in lib)
  - spring-boot-autoconfigure (not in lib)
  - spring-boot-actuate (not in lib)
  - micrometer-core (not in lib)

cp.compile references that should include missing items:
  - cp.persist (has jakarta-xml but only bind-api, not transform/parsers/datatype/validation)
  - cp.balancer (has commonsVfs2 but is not referenced in compile target)

==========================================
STATISTICS
==========================================

Total Errors: 1,206 (showing 100)
Error Distribution:
  - Missing packages: ~33 primary errors
  - Cannot find symbol: ~67 secondary/cascading errors
  - Ratio: 1 missing package â‰ˆ 2-3 symbol errors

Files with compilation failures: 9
- 1 authentication
- 1 elements  
- 1 util
- 2 engine (time)
- 1 schema
- 1 digital signature
- 1 interface
- 2 balancer
- 1 actuator (Spring Boot)

=============================================
RESOLUTION PRIORITY
=============================================

CRITICAL (blocks 80% of errors):
1. Add JWT JARs to cp.compile
2. Add Jakarta XML packages to cp.compile
3. Define BouncyCastle properties and add to classpath

HIGH (blocks 10% of errors):
4. Add Commons VFS2 to cp.compile
5. Add jakarta.annotation to cp.compile

MEDIUM (investigate):
6. Spring Boot usage - may be misplaced/optional
7. Micrometer - Spring metrics, check necessity

